{
"contracts\\NftMarketplace.sol":{"l":{"52":1,"53":1,"54":0,"56":1,"64":1,"65":1,"66":1,"67":0,"69":1,"73":0,"74":0,"75":0,"77":0,"87":1,"88":0,"90":1,"91":1,"92":0,"94":1,"95":1,"99":0,"100":0,"101":0,"103":0,"104":0,"105":0,"106":0,"110":0,"111":0,"119":0,"120":0,"124":0,"125":0,"126":0,"128":0,"129":0,"130":0,"131":0,"136":0,"140":0},"path":"E:\\study\\Patrick Collins web3 course\\hardhat-nft-marketplce\\contracts\\NftMarketplace.sol","s":{"1":1,"2":1,"3":1,"4":1,"5":1,"6":0,"7":0,"8":1,"9":1,"10":1,"11":1,"12":1,"13":0,"14":0,"15":0,"16":0,"17":0,"18":0,"19":0,"20":0,"21":0,"22":0,"23":0,"24":0,"25":0,"26":0,"27":0},"b":{"1":[0,1],"2":[0,1],"3":[0,0],"4":[0,1],"5":[0,1],"6":[0,0],"7":[0,0],"8":[0,0]},"f":{"1":1,"2":1,"3":0,"4":1,"5":0,"6":0,"7":0,"8":0,"9":0,"10":0},"fnMap":{"1":{"name":"notListed","line":47,"loc":{"start":{"line":47,"column":4},"end":{"line":57,"column":4}}},"2":{"name":"isOwner","line":59,"loc":{"start":{"line":59,"column":4},"end":{"line":70,"column":4}}},"3":{"name":"isListed","line":72,"loc":{"start":{"line":72,"column":4},"end":{"line":78,"column":4}}},"4":{"name":"listItem","line":86,"loc":{"start":{"line":80,"column":4},"end":{"line":96,"column":4}}},"5":{"name":"buyItem","line":98,"loc":{"start":{"line":98,"column":4},"end":{"line":107,"column":4}}},"6":{"name":"cancelListing","line":109,"loc":{"start":{"line":109,"column":4},"end":{"line":112,"column":4}}},"7":{"name":"updateListing","line":118,"loc":{"start":{"line":114,"column":4},"end":{"line":121,"column":4}}},"8":{"name":"withdrawProceeds","line":123,"loc":{"start":{"line":123,"column":4},"end":{"line":133,"column":4}}},"9":{"name":"getListing","line":135,"loc":{"start":{"line":135,"column":4},"end":{"line":137,"column":4}}},"10":{"name":"getProceeds","line":139,"loc":{"start":{"line":139,"column":4},"end":{"line":141,"column":4}}}},"statementMap":{"1":{"start":{"line":52,"column":8},"end":{"line":52,"column":63}},"2":{"start":{"line":53,"column":8},"end":{"line":53,"column":1531}},"3":{"start":{"line":64,"column":8},"end":{"line":64,"column":40}},"4":{"start":{"line":65,"column":8},"end":{"line":65,"column":43}},"5":{"start":{"line":66,"column":8},"end":{"line":66,"column":1868}},"6":{"start":{"line":73,"column":8},"end":{"line":73,"column":63}},"7":{"start":{"line":74,"column":8},"end":{"line":74,"column":2105}},"8":{"start":{"line":87,"column":8},"end":{"line":87,"column":2454}},"9":{"start":{"line":90,"column":8},"end":{"line":90,"column":40}},"10":{"start":{"line":91,"column":8},"end":{"line":91,"column":2592}},"11":{"start":{"line":94,"column":8},"end":{"line":94,"column":66}},"12":{"start":{"line":95,"column":8},"end":{"line":95,"column":63}},"13":{"start":{"line":99,"column":8},"end":{"line":99,"column":66}},"14":{"start":{"line":100,"column":8},"end":{"line":100,"column":3057}},"15":{"start":{"line":103,"column":8},"end":{"line":103,"column":78}},"16":{"start":{"line":105,"column":8},"end":{"line":105,"column":84}},"17":{"start":{"line":106,"column":8},"end":{"line":106,"column":75}},"18":{"start":{"line":111,"column":8},"end":{"line":111,"column":58}},"19":{"start":{"line":119,"column":8},"end":{"line":119,"column":54}},"20":{"start":{"line":120,"column":8},"end":{"line":120,"column":66}},"21":{"start":{"line":124,"column":8},"end":{"line":124,"column":48}},"22":{"start":{"line":125,"column":8},"end":{"line":125,"column":4204}},"23":{"start":{"line":128,"column":8},"end":{"line":128,"column":31}},"24":{"start":{"line":129,"column":8},"end":{"line":129,"column":72}},"25":{"start":{"line":130,"column":8},"end":{"line":130,"column":4402}},"26":{"start":{"line":136,"column":8},"end":{"line":136,"column":46}},"27":{"start":{"line":140,"column":8},"end":{"line":140,"column":33}}},"branchMap":{"1":{"line":53,"type":"if","locations":[{"start":{"line":53,"column":8},"end":{"line":53,"column":8}},{"start":{"line":53,"column":8},"end":{"line":53,"column":8}}]},"2":{"line":66,"type":"if","locations":[{"start":{"line":66,"column":8},"end":{"line":66,"column":8}},{"start":{"line":66,"column":8},"end":{"line":66,"column":8}}]},"3":{"line":74,"type":"if","locations":[{"start":{"line":74,"column":8},"end":{"line":74,"column":8}},{"start":{"line":74,"column":8},"end":{"line":74,"column":8}}]},"4":{"line":87,"type":"if","locations":[{"start":{"line":87,"column":8},"end":{"line":87,"column":8}},{"start":{"line":87,"column":8},"end":{"line":87,"column":8}}]},"5":{"line":91,"type":"if","locations":[{"start":{"line":91,"column":8},"end":{"line":91,"column":8}},{"start":{"line":91,"column":8},"end":{"line":91,"column":8}}]},"6":{"line":100,"type":"if","locations":[{"start":{"line":100,"column":8},"end":{"line":100,"column":8}},{"start":{"line":100,"column":8},"end":{"line":100,"column":8}}]},"7":{"line":125,"type":"if","locations":[{"start":{"line":125,"column":8},"end":{"line":125,"column":8}},{"start":{"line":125,"column":8},"end":{"line":125,"column":8}}]},"8":{"line":130,"type":"if","locations":[{"start":{"line":130,"column":8},"end":{"line":130,"column":8}},{"start":{"line":130,"column":8},"end":{"line":130,"column":8}}]}}},
"contracts\\test\\BasicNft.sol":{"l":{"13":3,"17":1,"18":1,"19":1,"23":0,"27":0},"path":"E:\\study\\Patrick Collins web3 course\\hardhat-nft-marketplce\\contracts\\test\\BasicNft.sol","s":{"1":3,"2":1,"3":1,"4":0,"5":0},"b":{},"f":{"1":3,"2":1,"3":0,"4":0},"fnMap":{"1":{"name":"constructor","line":12,"loc":{"start":{"line":12,"column":4},"end":{"line":14,"column":4}}},"2":{"name":"mintNft","line":16,"loc":{"start":{"line":16,"column":4},"end":{"line":20,"column":4}}},"3":{"name":"tokenURI","line":22,"loc":{"start":{"line":22,"column":4},"end":{"line":24,"column":4}}},"4":{"name":"getTokenCounter","line":26,"loc":{"start":{"line":26,"column":4},"end":{"line":28,"column":4}}}},"statementMap":{"1":{"start":{"line":13,"column":8},"end":{"line":13,"column":24}},"2":{"start":{"line":17,"column":8},"end":{"line":17,"column":44}},"3":{"start":{"line":19,"column":8},"end":{"line":19,"column":29}},"4":{"start":{"line":23,"column":8},"end":{"line":23,"column":24}},"5":{"start":{"line":27,"column":8},"end":{"line":27,"column":29}}},"branchMap":{}}}
