TN:
SF:E:\study\Patrick Collins web3 course\hardhat-nft-marketplce\contracts\NftMarketplace.sol
FN:47,notListed
FN:59,isOwner
FN:72,isListed
FN:86,listItem
FN:98,buyItem
FN:109,cancelListing
FN:118,updateListing
FN:123,withdrawProceeds
FN:135,getListing
FN:139,getProceeds
FNF:10
FNH:3
FNDA:1,notListed
FNDA:1,isOwner
FNDA:0,isListed
FNDA:1,listItem
FNDA:0,buyItem
FNDA:0,cancelListing
FNDA:0,updateListing
FNDA:0,withdrawProceeds
FNDA:0,getListing
FNDA:0,getProceeds
DA:52,1
DA:53,1
DA:54,0
DA:56,1
DA:64,1
DA:65,1
DA:66,1
DA:67,0
DA:69,1
DA:73,0
DA:74,0
DA:75,0
DA:77,0
DA:87,1
DA:88,0
DA:90,1
DA:91,1
DA:92,0
DA:94,1
DA:95,1
DA:99,0
DA:100,0
DA:101,0
DA:103,0
DA:104,0
DA:105,0
DA:106,0
DA:110,0
DA:111,0
DA:119,0
DA:120,0
DA:124,0
DA:125,0
DA:126,0
DA:128,0
DA:129,0
DA:130,0
DA:131,0
DA:136,0
DA:140,0
LF:40
LH:12
BRDA:53,1,0,0
BRDA:53,1,1,1
BRDA:66,2,0,0
BRDA:66,2,1,1
BRDA:74,3,0,0
BRDA:74,3,1,0
BRDA:87,4,0,0
BRDA:87,4,1,1
BRDA:91,5,0,0
BRDA:91,5,1,1
BRDA:100,6,0,0
BRDA:100,6,1,0
BRDA:125,7,0,0
BRDA:125,7,1,0
BRDA:130,8,0,0
BRDA:130,8,1,0
BRF:16
BRH:4
end_of_record
TN:
SF:E:\study\Patrick Collins web3 course\hardhat-nft-marketplce\contracts\test\BasicNft.sol
FN:12,constructor
FN:16,mintNft
FN:22,tokenURI
FN:26,getTokenCounter
FNF:4
FNH:2
FNDA:3,constructor
FNDA:1,mintNft
FNDA:0,tokenURI
FNDA:0,getTokenCounter
DA:13,3
DA:17,1
DA:18,1
DA:19,1
DA:23,0
DA:27,0
LF:6
LH:4
BRF:0
BRH:0
end_of_record
